2017-10-06 02:10:51 DEBUG RequestAddCookies:123 - CookieSpec selected: default
2017-10-06 02:10:51 DEBUG RequestAuthCache:77 - Auth cache not set in the context
2017-10-06 02:10:51 DEBUG PoolingHttpClientConnectionManager:255 - Connection request: [route: {}->http://localhost:48741][total kept alive: 0; route allocated: 0 of 2000; total allocated: 0 of 2000]
2017-10-06 02:10:51 DEBUG PoolingHttpClientConnectionManager:288 - Connection leased: [id: 0][route: {}->http://localhost:48741][total kept alive: 0; route allocated: 1 of 2000; total allocated: 1 of 2000]
2017-10-06 02:10:51 DEBUG MainClientExec:235 - Opening connection {}->http://localhost:48741
2017-10-06 02:10:51 DEBUG DefaultHttpClientConnectionOperator:139 - Connecting to localhost/127.0.0.1:48741
2017-10-06 02:10:51 DEBUG DefaultHttpClientConnectionOperator:146 - Connection established 127.0.0.1:55077<->127.0.0.1:48741
2017-10-06 02:10:51 DEBUG DefaultManagedHttpClientConnection:88 - http-outgoing-0: set socket timeout to 10800000
2017-10-06 02:10:51 DEBUG MainClientExec:256 - Executing request POST /session HTTP/1.1
2017-10-06 02:10:51 DEBUG MainClientExec:261 - Target auth state: UNCHALLENGED
2017-10-06 02:10:51 DEBUG MainClientExec:267 - Proxy auth state: UNCHALLENGED
2017-10-06 02:10:51 DEBUG headers:133 - http-outgoing-0 >> POST /session HTTP/1.1
2017-10-06 02:10:51 DEBUG headers:136 - http-outgoing-0 >> Content-Type: application/json; charset=utf-8
2017-10-06 02:10:51 DEBUG headers:136 - http-outgoing-0 >> Content-Length: 550
2017-10-06 02:10:51 DEBUG headers:136 - http-outgoing-0 >> Host: localhost:48741
2017-10-06 02:10:51 DEBUG headers:136 - http-outgoing-0 >> Connection: Keep-Alive
2017-10-06 02:10:51 DEBUG headers:136 - http-outgoing-0 >> User-Agent: Apache-HttpClient/4.5.3 (Java/1.8.0_121)
2017-10-06 02:10:51 DEBUG headers:136 - http-outgoing-0 >> Accept-Encoding: gzip,deflate
2017-10-06 02:10:51 DEBUG wire:73 - http-outgoing-0 >> "POST /session HTTP/1.1[\r][\n]"
2017-10-06 02:10:51 DEBUG wire:73 - http-outgoing-0 >> "Content-Type: application/json; charset=utf-8[\r][\n]"
2017-10-06 02:10:51 DEBUG wire:73 - http-outgoing-0 >> "Content-Length: 550[\r][\n]"
2017-10-06 02:10:51 DEBUG wire:73 - http-outgoing-0 >> "Host: localhost:48741[\r][\n]"
2017-10-06 02:10:51 DEBUG wire:73 - http-outgoing-0 >> "Connection: Keep-Alive[\r][\n]"
